# JRE version: OpenJDK Runtime Environment (11.0.12+7) (build 11.0.12+7-b1504.28-7817840)
# Java VM: OpenJDK 64-Bit Server VM (11.0.12+7-b1504.28-7817840, mixed mode, tiered, compressed oops, g1 gc, windows-amd64)
Heap:
 garbage-first heap   total 189440K, used 56206K [0x0000000080000000, 0x0000000100000000)
  region size 1024K, 14 young (14336K), 11 survivors (11264K)
 Metaspace       used 70697K, capacity 72366K, committed 72704K, reserved 1112064K
  class space    used 9272K, capacity 9857K, committed 9984K, reserved 1048576K
GC Heap History (20 events):
Event: 3.607 GC heap before
{Heap before GC invocations=3 (full 0):
 garbage-first heap   total 131072K, used 57401K [0x0000000080000000, 0x0000000100000000)
  region size 1024K, 47 young (48128K), 4 survivors (4096K)
 Metaspace       used 19175K, capacity 19620K, committed 19712K, reserved 1067008K
  class space    used 2332K, capacity 2491K, committed 2560K, reserved 1048576K
}
Event: 3.617 GC heap after
{Heap after GC invocations=4 (full 0):
 garbage-first heap   total 131072K, used 16317K [0x0000000080000000, 0x0000000100000000)
  region size 1024K, 3 young (3072K), 3 survivors (3072K)
 Metaspace       used 19175K, capacity 19620K, committed 19712K, reserved 1067008K
  class space    used 2332K, capacity 2491K, committed 2560K, reserved 1048576K
}
Event: 3.794 GC heap before
{Heap before GC invocations=4 (full 0):
 garbage-first heap   total 131072K, used 24509K [0x0000000080000000, 0x0000000100000000)
  region size 1024K, 12 young (12288K), 3 survivors (3072K)
 Metaspace       used 20600K, capacity 21093K, committed 21248K, reserved 1067008K
  class space    used 2520K, capacity 2710K, committed 2816K, reserved 1048576K
}
Event: 3.800 GC heap after
{Heap after GC invocations=5 (full 0):
 garbage-first heap   total 131072K, used 16820K [0x0000000080000000, 0x0000000100000000)
  region size 1024K, 4 young (4096K), 4 survivors (4096K)
 Metaspace       used 20600K, capacity 21093K, committed 21248K, reserved 1067008K
  class space    used 2520K, capacity 2710K, committed 2816K, reserved 1048576K
}
Event: 4.718 GC heap before
{Heap before GC invocations=6 (full 0):
 garbage-first heap   total 131072K, used 62900K [0x0000000080000000, 0x0000000100000000)
  region size 1024K, 49 young (50176K), 4 survivors (4096K)
 Metaspace       used 25794K, capacity 26371K, committed 26496K, reserved 1073152K
  class space    used 3360K, capacity 3600K, committed 3712K, reserved 1048576K
}
Event: 4.727 GC heap after
{Heap after GC invocations=7 (full 0):
 garbage-first heap   total 131072K, used 18516K [0x0000000080000000, 0x0000000100000000)
  region size 1024K, 6 young (6144K), 6 survivors (6144K)
 Metaspace       used 25794K, capacity 26371K, committed 26496K, reserved 1073152K
  class space    used 3360K, capacity 3600K, committed 3712K, reserved 1048576K
}
Event: 6.091 GC heap before
{Heap before GC invocations=7 (full 0):
 garbage-first heap   total 131072K, used 69716K [0x0000000080000000, 0x0000000100000000)
  region size 1024K, 58 young (59392K), 6 survivors (6144K)
 Metaspace       used 35044K, capacity 35779K, committed 35840K, reserved 1081344K
  class space    used 4555K, capacity 4822K, committed 4864K, reserved 1048576K
}
Event: 6.110 GC heap after
{Heap after GC invocations=8 (full 0):
 garbage-first heap   total 131072K, used 21858K [0x0000000080000000, 0x0000000100000000)
  region size 1024K, 6 young (6144K), 6 survivors (6144K)
 Metaspace       used 35044K, capacity 35779K, committed 35840K, reserved 1081344K
  class space    used 4555K, capacity 4822K, committed 4864K, reserved 1048576K
}
Event: 7.946 GC heap before
{Heap before GC invocations=9 (full 0):
 garbage-first heap   total 131072K, used 88418K [0x0000000080000000, 0x0000000100000000)
  region size 1024K, 68 young (69632K), 6 survivors (6144K)
 Metaspace       used 41193K, capacity 42086K, committed 42240K, reserved 1085440K
  class space    used 5270K, capacity 5574K, committed 5632K, reserved 1048576K
}
Event: 7.970 GC heap after
{Heap after GC invocations=10 (full 0):
 garbage-first heap   total 157696K, used 25259K [0x0000000080000000, 0x0000000100000000)
  region size 1024K, 7 young (7168K), 7 survivors (7168K)
 Metaspace       used 41193K, capacity 42086K, committed 42240K, reserved 1085440K
  class space    used 5270K, capacity 5574K, committed 5632K, reserved 1048576K
}
Event: 9.402 GC heap before
{Heap before GC invocations=10 (full 0):
 garbage-first heap   total 157696K, used 100011K [0x0000000080000000, 0x0000000100000000)
  region size 1024K, 78 young (79872K), 7 survivors (7168K)
 Metaspace       used 44463K, capacity 45512K, committed 45824K, reserved 1089536K
  class space    used 5687K, capacity 6056K, committed 6144K, reserved 1048576K
}
Event: 9.423 GC heap after
{Heap after GC invocations=11 (full 0):
 garbage-first heap   total 157696K, used 36386K [0x0000000080000000, 0x0000000100000000)
  region size 1024K, 10 young (10240K), 10 survivors (10240K)
 Metaspace       used 44463K, capacity 45512K, committed 45824K, reserved 1089536K
  class space    used 5687K, capacity 6056K, committed 6144K, reserved 1048576K
}
Event: 11.130 GC heap before
{Heap before GC invocations=11 (full 0):
 garbage-first heap   total 157696K, used 109090K [0x0000000080000000, 0x0000000100000000)
  region size 1024K, 81 young (82944K), 10 survivors (10240K)
 Metaspace       used 54834K, capacity 56186K, committed 56448K, reserved 1097728K
  class space    used 6983K, capacity 7487K, committed 7552K, reserved 1048576K
}
Event: 11.150 GC heap after
{Heap after GC invocations=12 (full 0):
 garbage-first heap   total 157696K, used 40199K [0x0000000080000000, 0x0000000100000000)
  region size 1024K, 4 young (4096K), 4 survivors (4096K)
 Metaspace       used 54834K, capacity 56186K, committed 56448K, reserved 1097728K
  class space    used 6983K, capacity 7487K, committed 7552K, reserved 1048576K
}
Event: 11.934 GC heap before
{Heap before GC invocations=12 (full 0):
 garbage-first heap   total 157696K, used 78087K [0x0000000080000000, 0x0000000100000000)
  region size 1024K, 41 young (41984K), 4 survivors (4096K)
 Metaspace       used 58611K, capacity 60012K, committed 60160K, reserved 1101824K
  class space    used 7415K, capacity 7940K, committed 8064K, reserved 1048576K
}
Event: 11.953 GC heap after
{Heap after GC invocations=13 (full 0):
 garbage-first heap   total 157696K, used 44217K [0x0000000080000000, 0x0000000100000000)
  region size 1024K, 8 young (8192K), 8 survivors (8192K)
 Metaspace       used 58611K, capacity 60012K, committed 60160K, reserved 1101824K
  class space    used 7415K, capacity 7940K, committed 8064K, reserved 1048576K
}
Event: 14.114 GC heap before
{Heap before GC invocations=14 (full 0):
 garbage-first heap   total 157696K, used 112825K [0x0000000080000000, 0x0000000100000000)
  region size 1024K, 75 young (76800K), 8 survivors (8192K)
 Metaspace       used 63635K, capacity 65177K, committed 65408K, reserved 1105920K
  class space    used 8267K, capacity 8823K, committed 8832K, reserved 1048576K
}
Event: 14.136 GC heap after
{Heap after GC invocations=15 (full 0):
 garbage-first heap   total 189440K, used 48515K [0x0000000080000000, 0x0000000100000000)
  region size 1024K, 9 young (9216K), 9 survivors (9216K)
 Metaspace       used 63635K, capacity 65177K, committed 65408K, reserved 1105920K
  class space    used 8267K, capacity 8823K, committed 8832K, reserved 1048576K
}
Event: 16.517 GC heap before
{Heap before GC invocations=15 (full 0):
 garbage-first heap   total 189440K, used 130435K [0x0000000080000000, 0x0000000100000000)
  region size 1024K, 89 young (91136K), 9 survivors (9216K)
 Metaspace       used 69480K, capacity 71099K, committed 71296K, reserved 1110016K
  class space    used 9144K, capacity 9754K, committed 9856K, reserved 1048576K
}
Event: 16.541 GC heap after
{Heap after GC invocations=16 (full 0):
 garbage-first heap   total 189440K, used 54158K [0x0000000080000000, 0x0000000100000000)
  region size 1024K, 11 young (11264K), 11 survivors (11264K)
 Metaspace       used 69480K, capacity 71099K, committed 71296K, reserved 1110016K
  class space    used 9144K, capacity 9754K, committed 9856K, reserved 1048576K
}

